<?xml version="1.0" encoding="UTF-8"?>
<testsuite name="Regression"
           tests="4"
           failures="0"
           errors="0"
           skipped="0"
           time="18.143">
  <properties />
  
  
            <testcase name="adminShouldAddUserSuccessFully" time="4.623" classname="com.orangehrmlive.demo.testsuite.UsersTest" />
                <testcase name="searchTheUserCreatedAndVerifyIt" time="4.304" classname="com.orangehrmlive.demo.testsuite.UsersTest" />
                <testcase name="searchTheDeletedUserAndVerifyTheMessageNoRecordFound" time="4.183" classname="com.orangehrmlive.demo.testsuite.UsersTest" />
                <testcase name="verifyThatAdminShouldDeleteTheUserSuccessFully" time="5.033" classname="com.orangehrmlive.demo.testsuite.UsersTest" />
      
</testsuite>
